2025/08/02 18:00:06 
2025/08/02 18:01:17 
2025/08/02 18:03:01 User registered successfully
2025/08/02 18:03:10 Generate token successfully!
2025/08/02 18:10:03 token contains an invalid number of segments
2025/08/02 18:14:22 
2025/08/02 18:15:59 token contains an invalid number of segments token: 
2025/08/02 18:19:38 
2025/08/02 18:22:00 {{{0 0001-01-01 00:00:00 +0000 UTC 0001-01-01 00:00:00 +0000 UTC {0001-01-01 00:00:00 +0000 UTC false}} 0 hhbweb3test About web3 blog test content 1 {{0 0001-01-01 00:00:00 +0000 UTC 0001-01-01 00:00:00 +0000 UTC {0001-01-01 00:00:00 +0000 UTC false}} 0   }} eyJhbGciOiJIUzI1NiIsInR5cCI6IkpXVCJ9.eyJleHAiOjE3NTQyMTUzOTAsImlkIjoxLCJ1c2VybmFtZSI6ImhoYiJ9.nQ-dJBADeosRJrFFJuT6Vcuo9o3lieqnaLlDysF1I-I}
2025/08/02 18:22:00 json: cannot unmarshal object into Go value of type jwt.Claims token: eyJhbGciOiJIUzI1NiIsInR5cCI6IkpXVCJ9.eyJleHAiOjE3NTQyMTUzOTAsImlkIjoxLCJ1c2VybmFtZSI6ImhoYiJ9.nQ-dJBADeosRJrFFJuT6Vcuo9o3lieqnaLlDysF1I-I
2025/08/02 18:33:44 
2025/08/02 18:34:21 {{{0 0001-01-01 00:00:00 +0000 UTC 0001-01-01 00:00:00 +0000 UTC {0001-01-01 00:00:00 +0000 UTC false}} 0 hhbweb3test About web3 blog test content 1 {{0 0001-01-01 00:00:00 +0000 UTC 0001-01-01 00:00:00 +0000 UTC {0001-01-01 00:00:00 +0000 UTC false}} 0   }} eyJhbGciOiJIUzI1NiIsInR5cCI6IkpXVCJ9.eyJleHAiOjE3NTQyMTUzOTAsImlkIjoxLCJ1c2VybmFtZSI6ImhoYiJ9.nQ-dJBADeosRJrFFJuT6Vcuo9o3lieqnaLlDysF1I-I}
2025/08/02 18:34:21 Create article successfully
2025/08/02 18:36:20 list article successfully
2025/08/02 22:20:40 Read article successfully
2025/08/02 22:23:52 Update article successfully
2025/08/02 22:26:24 WHERE conditions required
2025/08/02 22:31:21 
2025/08/02 22:31:37 dpost: { 0}
2025/08/02 22:31:37 WHERE conditions required
2025/08/02 22:34:57 
2025/08/02 22:35:09 dpost: { 0}
2025/08/02 22:35:09 WHERE conditions required
2025/08/02 22:39:36 
2025/08/02 22:39:52 dpost: { 0}
2025/08/02 22:39:52 WHERE conditions required
2025/08/02 22:40:21 dpost: { 0}
2025/08/02 22:40:21 WHERE conditions required
2025/08/02 22:45:53 
2025/08/02 22:46:08 dpost: { 0}
2025/08/02 22:46:08 WHERE conditions required
2025/08/02 22:48:53 dpost: { 0}
2025/08/02 22:48:53 WHERE conditions required
2025/08/02 22:52:56 
2025/08/02 22:53:16 dpost: {hhbweb3testupdate 1}
2025/08/02 22:53:16 WHERE conditions required
2025/08/02 22:59:18 
2025/08/02 22:59:34 dpost: {hhbweb3testupdate 1}
2025/08/02 22:59:34 Delete article successfully
2025/08/02 23:00:12 record not found
2025/08/02 23:00:56 WHERE conditions required
2025/08/02 23:04:16 
2025/08/02 23:04:28 Error 1054 (42S22): Unknown column 'User_id=' in 'where clause'
2025/08/02 23:05:30 
2025/08/02 23:05:59 Update article successfully
2025/08/02 23:09:59 comment created successfully
2025/08/02 23:12:08 comment created successfully
2025/08/02 23:12:59 comment created successfully
2025/08/02 23:19:16 
2025/08/02 23:19:33 comments list successfully
2025/08/02 23:20:55 
2025/08/02 23:21:05 comments list successfully
2025/08/02 23:35:53 User registered successfully
2025/08/02 23:35:54 Generate token successfully!
2025/08/02 23:35:55 {{{0 0001-01-01 00:00:00 +0000 UTC 0001-01-01 00:00:00 +0000 UTC {0001-01-01 00:00:00 +0000 UTC false}} 0 hhbweb3test About web3 blog test content 1 {{0 0001-01-01 00:00:00 +0000 UTC 0001-01-01 00:00:00 +0000 UTC {0001-01-01 00:00:00 +0000 UTC false}} 0   }} eyJhbGciOiJIUzI1NiIsInR5cCI6IkpXVCJ9.eyJleHAiOjE3NTQyMTUzOTAsImlkIjoxLCJ1c2VybmFtZSI6ImhoYiJ9.nQ-dJBADeosRJrFFJuT6Vcuo9o3lieqnaLlDysF1I-I}
2025/08/02 23:35:55 Create article successfully
2025/08/02 23:35:55 list article successfully
2025/08/02 23:35:56 Read article successfully
2025/08/02 23:35:56 Update article successfully
2025/08/02 23:35:57 dpost: {hhbweb3testupdate 1}
2025/08/02 23:35:57 Delete article successfully
2025/08/02 23:35:57 comment created successfully
2025/08/02 23:35:58 comments list successfully
2025/08/03 12:20:25 
2025/08/03 12:20:36 dpost: {hhbweb3testupdate 1}
2025/08/03 12:20:36 Delete article successfully
